This is XeTeX, Version 3.14159265-2.6-0.99996 (TeX Live 2016/Debian) (preloaded format=xelatex 2017.3.10)  28 APR 2017 23:40
entering extended mode
 restricted \write18 enabled.
 %&-line parsing enabled.
**"/d:/joe_data/OneDrive - csie.ntu.edu.tw/NTU/Sprout/algorithm17spring/pE/prob
lem"

(/d:/joe_data/OneDrive - csie.ntu.edu.tw/NTU/Sprout/algorithm17spring/pE/proble
m.tex
LaTeX2e <2017/01/01> patch level 3
Babel <3.9r> and hyphenation patterns for 11 language(s) loaded.
(/usr/share/texlive/texmf-dist/tex/latex/base/article.cls
Document Class: article 2014/09/29 v1.4h Standard LaTeX document class
(/usr/share/texlive/texmf-dist/tex/latex/base/size11.clo
File: size11.clo 2014/09/29 v1.4h Standard LaTeX file (size option)
)
\c@part=\count79
\c@section=\count80
\c@subsection=\count81
\c@subsubsection=\count82
\c@paragraph=\count83
\c@subparagraph=\count84
\c@figure=\count85
\c@table=\count86
\abovecaptionskip=\skip41
\belowcaptionskip=\skip42
\bibindent=\dimen102
)
(/usr/share/texlive/texmf-dist/tex/latex/tools/indentfirst.sty
Package: indentfirst 1995/11/23 v1.03 Indent first paragraph (DPC)
)
(/usr/share/texlive/texmf-dist/tex/latex/tools/enumerate.sty
Package: enumerate 2015/07/23 v3.00 enumerate extensions (DPC)
\@enLab=\toks14
)
(/usr/share/texlive/texmf-dist/tex/latex/amsfonts/amssymb.sty
Package: amssymb 2013/01/14 v3.01 AMS font symbols

(/usr/share/texlive/texmf-dist/tex/latex/amsfonts/amsfonts.sty
Package: amsfonts 2013/01/14 v3.01 Basic AMSFonts support
\@emptytoks=\toks15
\symAMSa=\mathgroup4
\symAMSb=\mathgroup5
LaTeX Font Info:    Overwriting math alphabet `\mathfrak' in version `bold'
(Font)                  U/euf/m/n --> U/euf/b/n on input line 106.
))
(/usr/share/texlive/texmf-dist/tex/latex/caption/subcaption.sty
Package: subcaption 2016/05/22 v1.1-161 Sub-captions (AR)

(/usr/share/texlive/texmf-dist/tex/latex/caption/caption.sty
Package: caption 2016/02/21 v3.3-144 Customizing captions (AR)

(/usr/share/texlive/texmf-dist/tex/latex/caption/caption3.sty
Package: caption3 2016/05/22 v1.7-166 caption3 kernel (AR)
Package caption3 Info: TeX engine: e-TeX on input line 67.

(/usr/share/texlive/texmf-dist/tex/latex/graphics/keyval.sty
Package: keyval 2014/10/28 v1.15 key=value parser (DPC)
\KV@toks@=\toks16
)
\captionmargin=\dimen103
\captionmargin@=\dimen104
\captionwidth=\dimen105
\caption@tempdima=\dimen106
\caption@indent=\dimen107
\caption@parindent=\dimen108
\caption@hangindent=\dimen109
)
\c@ContinuedFloat=\count87
)
\c@subfigure=\count88
\c@subtable=\count89
)
(/usr/share/texlive/texmf-dist/tex/latex/graphics/graphicx.sty
Package: graphicx 2014/10/28 v1.0g Enhanced LaTeX Graphics (DPC,SPQR)

(/usr/share/texlive/texmf-dist/tex/latex/graphics/graphics.sty
Package: graphics 2016/10/09 v1.0u Standard LaTeX Graphics (DPC,SPQR)

(/usr/share/texlive/texmf-dist/tex/latex/graphics/trig.sty
Package: trig 2016/01/03 v1.10 sin cos tan (DPC)
)
(/usr/share/texlive/texmf-dist/tex/latex/graphics-cfg/graphics.cfg
File: graphics.cfg 2016/06/04 v1.11 sample graphics configuration
)
Package graphics Info: Driver file: xetex.def on input line 99.

(/usr/share/texlive/texmf-dist/tex/latex/graphics-def/xetex.def
File: xetex.def 2016/07/11 v4.10 LaTeX color/graphics driver for XeTeX (L3/RRM/
JK)
))
\Gin@req@height=\dimen110
\Gin@req@width=\dimen111
)
(/usr/share/texlive/texmf-dist/tex/latex/tools/longtable.sty
Package: longtable 2014/10/28 v4.11 Multi-page Table package (DPC)
\LTleft=\skip43
\LTright=\skip44
\LTpre=\skip45
\LTpost=\skip46
\LTchunksize=\count90
\LTcapwidth=\dimen112
\LT@head=\box26
\LT@firsthead=\box27
\LT@foot=\box28
\LT@lastfoot=\box29
\LT@cols=\count91
\LT@rows=\count92
\c@LT@tables=\count93
\c@LT@chunks=\count94
\LT@p@ftn=\toks17
)
(/usr/share/texlive/texmf-dist/tex/latex/fancyhdr/fancyhdr.sty
Package: fancyhdr 2016/09/06 3.8 Extensive control of page headers and footers
\fancy@headwidth=\skip47
\f@ncyO@elh=\skip48
\f@ncyO@erh=\skip49
\f@ncyO@olh=\skip50
\f@ncyO@orh=\skip51
\f@ncyO@elf=\skip52
\f@ncyO@erf=\skip53
\f@ncyO@olf=\skip54
\f@ncyO@orf=\skip55
)
(/usr/share/texlive/texmf-dist/tex/xelatex/xecjk/xeCJK.sty
(/usr/share/texlive/texmf-dist/tex/latex/l3kernel/expl3.sty
Package: expl3 2016/11/21 v6760 L3 programming layer (loader) 

(/usr/share/texlive/texmf-dist/tex/latex/l3kernel/expl3-code.tex
Package: expl3 2016/11/21 v6760 L3 programming layer (code)
L3 Module: l3bootstrap 2016/06/13 v6596 L3 Bootstrap code
L3 Module: l3names 2016/10/13 v6722 L3 Namespace for primitives
L3 Module: l3basics 2016/09/01 v6696 L3 Basic definitions
L3 Module: l3expan 2016/08/19 v6684 L3 Argument expansion
L3 Module: l3tl 2016/08/19 v6692 L3 Token lists
L3 Module: l3str 2016/08/19 v6692 L3 Strings
L3 Module: l3seq 2016/08/19 v6685 L3 Sequences and stacks
L3 Module: l3int 2016/09/07 v6700 L3 Integers
\c_max_int=\count95
\l_tmpa_int=\count96
\l_tmpb_int=\count97
\g_tmpa_int=\count98
\g_tmpb_int=\count99
L3 Module: l3quark 2016/08/19 v6685 L3 Quarks
L3 Module: l3prg 2016/08/18 v6679 L3 Control structures
\g__prg_map_int=\count100
L3 Module: l3clist 2016/08/19 v6685 L3 Comma separated lists
L3 Module: l3token 2016/09/01 v6695 L3 Experimental token manipulation
L3 Module: l3prop 2016/08/19 v6685 L3 Property lists
L3 Module: l3msg 2016/08/19 v6691 L3 Messages
L3 Module: l3file 2016/08/19 v6685 L3 File and I/O operations
\l_iow_line_count_int=\count101
\l__iow_target_count_int=\count102
\l__iow_current_line_int=\count103
\l__iow_current_word_int=\count104
\l__iow_current_indentation_int=\count105
L3 Module: l3skip 2016/08/19 v6692 L3 Dimensions and skips
\c_zero_dim=\dimen113
\c_max_dim=\dimen114
\l_tmpa_dim=\dimen115
\l_tmpb_dim=\dimen116
\g_tmpa_dim=\dimen117
\g_tmpb_dim=\dimen118
\c_zero_skip=\skip56
\c_max_skip=\skip57
\l_tmpa_skip=\skip58
\l_tmpb_skip=\skip59
\g_tmpa_skip=\skip60
\g_tmpb_skip=\skip61
\c_zero_muskip=\muskip10
\c_max_muskip=\muskip11
\l_tmpa_muskip=\muskip12
\l_tmpb_muskip=\muskip13
\g_tmpa_muskip=\muskip14
\g_tmpb_muskip=\muskip15
L3 Module: l3keys 2016/09/21 v6711 L3 Key-value interfaces
\l_keys_choice_int=\count106
L3 Module: l3fp 2016/11/21 v6761 L3 Floating points
\c__fp_leading_shift_int=\count107
\c__fp_middle_shift_int=\count108
\c__fp_trailing_shift_int=\count109
\c__fp_big_leading_shift_int=\count110
\c__fp_big_middle_shift_int=\count111
\c__fp_big_trailing_shift_int=\count112
\c__fp_Bigg_leading_shift_int=\count113
\c__fp_Bigg_middle_shift_int=\count114
\c__fp_Bigg_trailing_shift_int=\count115
L3 Module: l3box 2016/08/19 v6685 L3 Experimental boxes
\c_empty_box=\box30
\l_tmpa_box=\box31
\l_tmpb_box=\box32
\g_tmpa_box=\box33
\g_tmpb_box=\box34
L3 Module: l3coffins 2016/08/19 v6685 L3 Coffin code layer
\l__coffin_internal_box=\box35
\l__coffin_internal_dim=\dimen119
\l__coffin_offset_x_dim=\dimen120
\l__coffin_offset_y_dim=\dimen121
\l__coffin_x_dim=\dimen122
\l__coffin_y_dim=\dimen123
\l__coffin_x_prime_dim=\dimen124
\l__coffin_y_prime_dim=\dimen125
\c_empty_coffin=\box36
\l__coffin_aligned_coffin=\box37
\l__coffin_aligned_internal_coffin=\box38
\l_tmpa_coffin=\box39
\l_tmpb_coffin=\box40
\l__coffin_display_coffin=\box41
\l__coffin_display_coord_coffin=\box42
\l__coffin_display_pole_coffin=\box43
\l__coffin_display_offset_dim=\dimen126
\l__coffin_display_x_dim=\dimen127
\l__coffin_display_y_dim=\dimen128
L3 Module: l3color 2016/06/13 v6596 L3 Experimental color support
L3 Module: l3sys 2015/09/25 v6087 L3 Experimental system/runtime functions
L3 Module: l3candidates 2016/08/19 v6688 L3 Experimental additions to l3kernel
\l__box_top_dim=\dimen129
\l__box_bottom_dim=\dimen130
\l__box_left_dim=\dimen131
\l__box_right_dim=\dimen132
\l__box_top_new_dim=\dimen133
\l__box_bottom_new_dim=\dimen134
\l__box_left_new_dim=\dimen135
\l__box_right_new_dim=\dimen136
\l__box_internal_box=\box44
\l__coffin_bounding_shift_dim=\dimen137
\l__coffin_left_corner_dim=\dimen138
\l__coffin_right_corner_dim=\dimen139
\l__coffin_bottom_corner_dim=\dimen140
\l__coffin_top_corner_dim=\dimen141
\l__coffin_scaled_total_height_dim=\dimen142
\l__coffin_scaled_width_dim=\dimen143
L3 Module: l3luatex 2016/08/18 v6679 L3 Experimental LuaTeX-specific functions
)
(/usr/share/texlive/texmf-dist/tex/latex/l3kernel/l3xdvipdfmx.def
File: l3xdvidpfmx.def 2016/08/18 v6679 L3 Experimental driver: xdvipdfmx
\l__driver_tmp_box=\box45
))
Package: xeCJK 2017/01/02 v3.4.5 Typesetting CJK scripts with XeLaTeX

(/usr/share/texlive/texmf-dist/tex/latex/l3packages/xtemplate/xtemplate.sty
Package: xtemplate 2016/11/21 v6760 L3 Experimental prototype document function
s
\l__xtemplate_tmp_dim=\dimen144
\l__xtemplate_tmp_int=\count116
\l__xtemplate_tmp_muskip=\muskip16
\l__xtemplate_tmp_skip=\skip62
)
(/usr/share/texlive/texmf-dist/tex/latex/l3packages/xparse/xparse.sty
Package: xparse 2016/11/21 v6760 L3 Experimental document command parser
\l__xparse_current_arg_int=\count117
\l__xparse_m_args_int=\count118
\l__xparse_mandatory_args_int=\count119
\l__xparse_processor_int=\count120
\l__xparse_v_nesting_int=\count121
)
(/usr/share/texlive/texmf-dist/tex/latex/l3packages/l3keys2e/l3keys2e.sty
Package: l3keys2e 2016/11/21 v6760 LaTeX2e option processing using LaTeX3 keys
)
\l__xeCJK_tmp_int=\count122
\l__xeCJK_tmp_box=\box46
\l__xeCJK_tmp_dim=\dimen145
\l__xeCJK_tmp_skip=\skip63
.................................................
. LaTeX info: "xparse/define-command"
. 
. Defining command \xeCJKShipoutHook with sig. '' on line 148.
.................................................
\g__xeCJK_spacefactor_int=\count123
\l__xeCJK_begin_int=\count124
\l__xeCJK_end_int=\count125
.................................................
. LaTeX info: "xparse/define-command"
. 
. Defining command \makexeCJKactive with sig. '' on line 377.
.................................................
.................................................
. LaTeX info: "xparse/define-command"
. 
. Defining command \makexeCJKinactive with sig. '' on line 378.
.................................................
\c__xeCJK_CJK_class_int=\XeTeXcharclass1
\c__xeCJK_FullLeft_class_int=\XeTeXcharclass2
\c__xeCJK_FullRight_class_int=\XeTeXcharclass3
\c__xeCJK_HalfLeft_class_int=\XeTeXcharclass4
\c__xeCJK_HalfRight_class_int=\XeTeXcharclass5
\c__xeCJK_NormalSpace_class_int=\XeTeXcharclass6
\c__xeCJK_CM_class_int=\XeTeXcharclass7
\c__xeCJK_HangulJamo_class_int=\XeTeXcharclass8
.................................................
. LaTeX info: "xparse/define-command"
. 
. Defining command \xeCJKDeclareCharClass with sig. 's>{\TrimSpaces }mm' on
. line 542.
.................................................
.................................................
. LaTeX info: "xparse/define-command"
. 
. Defining command \__xeCJK_set_char_class_aux:Nnw with sig.
. 'm>{\SplitArgument {1}{->}}m' on line 563.
.................................................
.................................................
. LaTeX info: "xparse/define-command"
. 
. Defining command \normalspacedchars with sig. 'm' on line 608.
.................................................
.................................................
. LaTeX info: "xparse/define-command"
. 
. Defining command \xeCJKResetPunctClass with sig. '' on line 619.
.................................................
.................................................
. LaTeX info: "xparse/define-command"
. 
. Defining command \xeCJKResetCharClass with sig. '' on line 631.
.................................................
\l__xeCJK_last_skip=\skip64
\g__xeCJK_node_int=\count126
\c__xeCJK_CJK_node_dim=\dimen146
\c__xeCJK_CJK-space_node_dim=\dimen147
\c__xeCJK_default_node_dim=\dimen148
\c__xeCJK_default-space_node_dim=\dimen149
\c__xeCJK_CJK-widow_node_dim=\dimen150
\c__xeCJK_normalspace_node_dim=\dimen151
\l__xeCJK_ccglue_skip=\skip65
\l__xeCJK_ecglue_skip=\skip66
.................................................
. LaTeX info: "xparse/define-command"
. 
. Defining command \xeCJKnobreak with sig. '' on line 1470.
.................................................
\l__xeCJK_widow_penalty_int=\count127
.................................................
. LaTeX info: "xparse/define-command"
. 
. Defining command \xeCJKDeclareSubCJKBlock with sig. 's>{\TrimSpaces }mm' on
. line 1666.
.................................................
.................................................
. LaTeX info: "xparse/define-command"
. 
. Defining command \xeCJKCancelSubCJKBlock with sig. 'sm' on line 1677.
.................................................
.................................................
. LaTeX info: "xparse/define-command"
. 
. Defining command \xeCJKRestoreSubCJKBlock with sig. 'sm' on line 1686.
.................................................
.................................................
. LaTeX info: "xparse/define-command"
. 
. Defining command \xeCJKsetwidth with sig. 'smm' on line 1784.
.................................................
.................................................
. LaTeX info: "xparse/define-command"
. 
. Defining command \xeCJKsetkern with sig. 'mmm' on line 1788.
.................................................
.................................................
. xtemplate info: "declare-object-type"
. 
. Declaring object type 'xeCJK/punctuation' taking \c_zero  argument(s) on
. line 1925.
.................................................
\l__xeCJK_fixed_punct_width_dim=\dimen152
\l__xeCJK_mixed_punct_width_dim=\dimen153
\l__xeCJK_middle_punct_width_dim=\dimen154
\l__xeCJK_fixed_margin_width_dim=\dimen155
\l__xeCJK_mixed_margin_width_dim=\dimen156
\l__xeCJK_middle_margin_width_dim=\dimen157
\l__xeCJK_bound_punct_width_dim=\dimen158
\l__xeCJK_bound_margin_width_dim=\dimen159
\l__xeCJK_margin_minimum_dim=\dimen160
\l__xeCJK_kerning_total_width_dim=\dimen161
\l__xeCJK_same_align_margin_dim=\dimen162
\l__xeCJK_different_align_margin_dim=\dimen163
\l__xeCJK_kerning_margin_width_dim=\dimen164
\l__xeCJK_kerning_margin_minimum_dim=\dimen165
\l__xeCJK_bound_dim=\dimen166
\l__xeCJK_reverse_bound_dim=\dimen167
\l__xeCJK_minimum_bound_dim=\dimen168
\l__xeCJK_kerning_margin_dim=\dimen169
\l__xeCJK_original_margin_dim=\dimen170
.................................................
. LaTeX info: "xparse/define-command"
. 
. Defining command \xeCJKDeclarePunctStyle with sig. '>{\TrimSpaces }mm' on
. line 2423.
.................................................
.................................................
. LaTeX info: "xparse/define-command"
. 
. Defining command \xeCJKEditPunctStyle with sig. '>{\TrimSpaces }mm' on line
. 2436.
.................................................
.................................................
. LaTeX info: "xparse/define-command"
. 
. Defining command \setCJKfallbackfamilyfont with sig. 'mom' on line 2528.
.................................................
\g__xeCJK_family_int=\count128
.................................................
. LaTeX info: "xparse/define-command"
. 
. Defining command \CJKfamily with sig. 't+t-m' on line 2955.
.................................................
.................................................
. LaTeX info: "xparse/define-command"
. 
. Defining command \__xeCJK_gobble_CJKfamily:wn with sig. 't+t-m' on line
. 2969.
.................................................
.................................................
. LaTeX info: "xparse/define-command"
. 
. Defining command \__xeCJK_post_arg:w with sig. 'mmmO{}' on line 3028.
.................................................
.................................................
. LaTeX info: "xparse/define-command"
. 
. Defining command \setCJKmainfont with sig. 'om' on line 3034.
.................................................
.................................................
. LaTeX info: "xparse/define-command"
. 
. Defining command \setCJKsansfont with sig. 'om' on line 3041.
.................................................
.................................................
. LaTeX info: "xparse/define-command"
. 
. Defining command \setCJKmonofont with sig. 'om' on line 3047.
.................................................
.................................................
. LaTeX info: "xparse/define-command"
. 
. Defining command \setCJKfamilyfont with sig. 'mom' on line 3058.
.................................................
.................................................
. LaTeX info: "xparse/define-command"
. 
. Defining command \newCJKfontfamily with sig. 'omom' on line 3066.
.................................................
.................................................
. LaTeX info: "xparse/define-command"
. 
. Defining command \CJKfontspec with sig. 'om' on line 3072.
.................................................
.................................................
. LaTeX info: "xparse/define-command"
. 
. Defining command \defaultCJKfontfeatures with sig. 'm' on line 3095.
.................................................
.................................................
. LaTeX info: "xparse/define-command"
. 
. Defining command \addCJKfontfeatures with sig. 'sO{}m' on line 3101.
.................................................
.................................................
. LaTeX info: "xparse/define-command"
. 
. Defining command \setCJKmathfont with sig. 'om' on line 3275.
.................................................
\l__xeCJK_fam_int=\count129
\g__xeCJK_fam_allocation_int=\count130
\l__xeCJK_verb_case_int=\count131
.................................................
. LaTeX info: "xparse/define-command"
. 
. Defining command \xeCJKVerbAddon with sig. '' on line 3515.
.................................................
.................................................
. LaTeX info: "xparse/define-command"
. 
. Defining command \xeCJKOffVerbAddon with sig. '' on line 3519.
.................................................
\l__xeCJK_verb_exspace_skip=\skip67

(/usr/share/texlive/texmf-dist/tex/latex/fontspec/fontspec.sty
Package: fontspec 2017/02/12 v2.6 Font selection for XeLaTeX and LuaLaTeX

(/usr/share/texlive/texmf-dist/tex/latex/fontspec/fontspec-xetex.sty
Package: fontspec-xetex 2017/02/12 v2.6 Font selection for XeLaTeX and LuaLaTeX

\l__fontspec_script_int=\count132
\l__fontspec_language_int=\count133
\l__fontspec_strnum_int=\count134
\l__fontspec_tmp_int=\count135
\l__fontspec_em_int=\count136
\l__fontspec_emdef_int=\count137
\l__fontspec_strong_int=\count138
\l__fontspec_strongdef_int=\count139
\l__fontspec_tmpa_dim=\dimen171
\l__fontspec_tmpb_dim=\dimen172
\l__fontspec_tmpc_dim=\dimen173
\g__file_internal_ior=\read1

(/usr/share/texlive/texmf-dist/tex/latex/base/fontenc.sty
Package: fontenc 2017/02/22 v2.0g Standard LaTeX package

(/usr/share/texlive/texmf-dist/tex/latex/base/tuenc.def
File: tuenc.def 2017/02/22 v2.0g Standard LaTeX file
LaTeX Font Info:    Redeclaring font encoding TU on input line 82.
))
.................................................
. LaTeX info: "xparse/define-command"
. 
. Defining command \fontspec with sig. 'O{}mO{}' on line 475.
.................................................
.................................................
. LaTeX info: "xparse/define-command"
. 
. Defining command \setmainfont with sig. 'O{}mO{}' on line 491.
.................................................
.................................................
. LaTeX info: "xparse/define-command"
. 
. Defining command \setsansfont with sig. 'O{}mO{}' on line 507.
.................................................
.................................................
. LaTeX info: "xparse/define-command"
. 
. Defining command \setmonofont with sig. 'O{}mO{}' on line 523.
.................................................
.................................................
. LaTeX info: "xparse/define-command"
. 
. Defining command \setmathrm with sig. 'O{}mO{}' on line 528.
.................................................
.................................................
. LaTeX info: "xparse/define-command"
. 
. Defining command \setboldmathrm with sig. 'O{}mO{}' on line 533.
.................................................
.................................................
. LaTeX info: "xparse/define-command"
. 
. Defining command \setmathsf with sig. 'O{}mO{}' on line 538.
.................................................
.................................................
. LaTeX info: "xparse/define-command"
. 
. Defining command \setmathtt with sig. 'O{}mO{}' on line 543.
.................................................
.................................................
. LaTeX info: "xparse/define-command"
. 
. Defining command \newfontfamily with sig. 'mO{}mO{}' on line 563.
.................................................
.................................................
. LaTeX info: "xparse/define-command"
. 
. Defining command \newfontface with sig. 'mO{}mO{}' on line 567.
.................................................
.................................................
. LaTeX info: "xparse/define-command"
. 
. Defining command \defaultfontfeatures with sig. 't+om' on line 574.
.................................................
.................................................
. LaTeX info: "xparse/define-command"
. 
. Defining command \addfontfeatures with sig. 'm' on line 623.
.................................................
.................................................
. LaTeX info: "xparse/define-command"
. 
. Defining command \newfontfeature with sig. 'mm' on line 634.
.................................................
.................................................
. LaTeX info: "xparse/define-command"
. 
. Defining command \newAATfeature with sig. 'mmmm' on line 642.
.................................................
.................................................
. LaTeX info: "xparse/define-command"
. 
. Defining command \newopentypefeature with sig. 'mmm' on line 652.
.................................................
.................................................
. LaTeX info: "xparse/define-command"
. 
. Defining command \aliasfontfeature with sig. 'mm' on line 675.
.................................................
.................................................
. LaTeX info: "xparse/define-command"
. 
. Defining command \aliasfontfeatureoption with sig. 'mmm' on line 692.
.................................................
.................................................
. LaTeX info: "xparse/define-command"
. 
. Defining command \newfontscript with sig. 'mm' on line 696.
.................................................
.................................................
. LaTeX info: "xparse/define-command"
. 
. Defining command \newfontlanguage with sig. 'mm' on line 700.
.................................................
.................................................
. LaTeX info: "xparse/define-command"
. 
. Defining command \DeclareFontsExtensions with sig. 'm' on line 705.
.................................................
.................................................
. LaTeX info: "xparse/define-command"
. 
. Defining command \IfFontFeatureActiveTF with sig. 'mmm' on line 711.
.................................................
.................................................
. LaTeX info: "xparse/define-command"
. 
. Defining command \EncodingCommand with sig. 'mO{}m' on line 3338.
.................................................
.................................................
. LaTeX info: "xparse/define-command"
. 
. Defining command \EncodingAccent with sig. 'mm' on line 3344.
.................................................
.................................................
. LaTeX info: "xparse/define-command"
. 
. Defining command \EncodingSymbol with sig. 'mm' on line 3350.
.................................................
.................................................
. LaTeX info: "xparse/define-command"
. 
. Defining command \EncodingComposite with sig. 'mmm' on line 3356.
.................................................
.................................................
. LaTeX info: "xparse/define-command"
. 
. Defining command \EncodingCompositeCommand with sig. 'mmm' on line 3362.
.................................................
.................................................
. LaTeX info: "xparse/define-command"
. 
. Defining command \DeclareUnicodeEncoding with sig. 'mm' on line 3387.
.................................................
.................................................
. LaTeX info: "xparse/define-command"
. 
. Defining command \UndeclareSymbol with sig. 'm' on line 3393.
.................................................
.................................................
. LaTeX info: "xparse/define-command"
. 
. Defining command \UndeclareComposite with sig. 'mm' on line 3401.
.................................................

(/usr/share/texlive/texmf-dist/tex/latex/fontspec/fontspec.cfg)
LaTeX Info: Redefining \itshape on input line 3586.
LaTeX Info: Redefining \slshape on input line 3591.
LaTeX Info: Redefining \scshape on input line 3596.
LaTeX Info: Redefining \upshape on input line 3601.
LaTeX Info: Redefining \em on input line 3631.
LaTeX Info: Redefining \emph on input line 3656.
LaTeX Info: Redefining \- on input line 3707.
.................................................
. LaTeX info: "xparse/redefine-command"
. 
. Redefining command \oldstylenums with sig. 'm' on line 3802.
.................................................
.................................................
. LaTeX info: "xparse/define-command"
. 
. Defining command \liningnums with sig. 'm' on line 3806.
.................................................
))
(/usr/share/texlive/texmf-dist/tex/xelatex/xecjk/xunicode-addon.sty
Package: xunicode-addon 2017/01/02 v3.4.5 addon file for xunicode

(/usr/share/texlive/texmf-dist/tex/xelatex/xunicode/xunicode.sty
File: xunicode.sty 2011/09/09 v0.981 provides access to latin accents and many 
other characters in Unicode lower plane

(/usr/share/texmf/tex/latex/tipa/t3enc.def
File: t3enc.def 2001/12/31 T3 encoding
)
\tipaTiiicode=\count140
\tipasavetokens=\toks18
\tipachecktokens=\toks19
)
.................................................
. LaTeX info: "xparse/redefine-command"
. 
. Redefining command \ReloadXunicode with sig. 'm' on line 84.
.................................................
.................................................
. LaTeX info: "xparse/redefine-command"
. 
. Redefining command \DeclareUTFmathsymbols with sig. 'm' on line 129.
.................................................
.................................................
. LaTeX info: "xparse/redefine-command"
. 
. Redefining command \UseMathAsText with sig. '' on line 138.
.................................................
.................................................
. LaTeX info: "xparse/redefine-command"
. 
. Redefining command \UndeclareUTFcharacter with sig. 'O{\UTFencname }mm' on
. line 173.
.................................................
.................................................
. LaTeX info: "xparse/redefine-command"
. 
. Redefining command \UndeclareUTFcomposite with sig. 'O{\UTFencname }mmm' on
. line 180.
.................................................
.................................................
. LaTeX info: "xparse/redefine-command"
. 
. Redefining command \DeclareUTFcharacter with sig. 'O{\UTFencname }mm' on
. line 207.
.................................................
.................................................
. LaTeX info: "xparse/define-command"
. 
. Defining command \DeclareUTFSymbol with sig. 'mO{\UTFencname }m' on line
. 233.
.................................................
.................................................
. LaTeX info: "xparse/define-command"
. 
. Defining command \DeclareUTFCommand with sig. 'mO{\UTFencname }m' on line
. 235.
.................................................
.................................................
. LaTeX info: "xparse/redefine-command"
. 
. Redefining command \DeclareUTFcomposite with sig. 'O{\UTFencname }mmm' on
. line 278.
.................................................
.................................................
. LaTeX info: "xparse/define-command"
. 
. Defining command \DeclareUTFCompositeCommand with sig. 'mO{\UTFencname }mm'
. on line 291.
.................................................
.................................................
. LaTeX info: "xparse/define-command"
. 
. Defining command \DeclareUTFCompositeSymbol with sig. 'mO{\UTFencname }mm'
. on line 296.
.................................................
.................................................
. LaTeX info: "xparse/define-command"
. 
. Defining command \DeclareUTFComposite with sig. 'mO{\UTFencname }' on line
. 298.
.................................................
.................................................
. LaTeX info: "xparse/define-command"
. 
. Defining command \DeclareUTFEncodedAccent with sig. 'mO{\UTFencname }mm' on
. line 300.
.................................................
.................................................
. LaTeX info: "xparse/define-command"
. 
. Defining command \DeclareUTFEncodedAccents with sig. 'mO{\UTFencname }mm' on
. line 302.
.................................................
.................................................
. LaTeX info: "xparse/define-command"
. 
. Defining command \DeclareUTFEncodedSymbol with sig. 'mO{\UTFencname }mm' on
. line 304.
.................................................
.................................................
. LaTeX info: "xparse/define-command"
. 
. Defining command \DeclareUTFEncodedCircle with sig. 'mO{\UTFencname }mm' on
. line 306.
.................................................
.................................................
. LaTeX info: "xparse/redefine-command"
. 
. Redefining command \DeclareEncodedCompositeCharacter with sig. 'mmmm' on
. line 308.
.................................................
.................................................
. LaTeX info: "xparse/redefine-command"
. 
. Redefining command \DeclareEncodedCompositeAccents with sig. 'mmmm' on line
. 310.
.................................................
.................................................
. LaTeX info: "xparse/define-command"
. 
. Defining command \DeclareUTFDoubleEncodedAccent with sig. 'mO{\UTFencname
. }mm' on line 312.
.................................................
.................................................
. LaTeX info: "xparse/define-command"
. 
. Defining command \DeclareUTFDoubleEncodedSymbol with sig. 'mO{\UTFencname
. }mm' on line 314.
.................................................
\l__xunadd_tmp_coffin=\box47
\l__xunadd_circle_coffin=\box48
.................................................
. LaTeX info: "xparse/define-command"
. 
. Defining command \settextcircledratio with sig. 'm' on line 465.
.................................................
.................................................
. LaTeX info: "xparse/define-command"
. 
. Defining command \AtBeginUTFCommand with sig. 'sO{}+m' on line 534.
.................................................
.................................................
. LaTeX info: "xparse/define-command"
. 
. Defining command \AtEndUTFCommand with sig. 'sO{}+m' on line 544.
.................................................
.................................................
. LaTeX info: "xparse/define-command"
. 
. Defining command \DeclareUTFTIPACommand with sig. 'O{\UTFencname }m' on line
. 576.
.................................................
)
(/usr/share/texlive/texmf-dist/tex/xelatex/xunicode/xunicode.sty
File: xunicode.sty 2011/09/09 v0.981 provides access to latin accents and many 
other characters in Unicode lower plane

*** Reloading Xunicode for encoding 'TU' ***
) (/usr/share/texlive/texmf-dist/tex/xelatex/xecjk/xunicode-extra.def
File: xunicode-extra.def 2017/01/02 v3.4.5 extra definition for xunicode
)
.................................................
. LaTeX info: "xparse/define-command"
. 
. Defining command \xeCJKsetup with sig. '+m' on line 3820.
.................................................
.................................................
. LaTeX info: "xparse/define-command"
. 
. Defining command \xeCJKsetemboldenfactor with sig. 'm' on line 3822.
.................................................
.................................................
. LaTeX info: "xparse/define-command"
. 
. Defining command \xeCJKsetslantfactor with sig. 'm' on line 3824.
.................................................
.................................................
. LaTeX info: "xparse/define-command"
. 
. Defining command \punctstyle with sig. 'm' on line 3825.
.................................................
.................................................
. LaTeX info: "xparse/define-command"
. 
. Defining command \xeCJKplainchr with sig. '' on line 3826.
.................................................
.................................................
. LaTeX info: "xparse/define-command"
. 
. Defining command \CJKsetecglue with sig. 'm' on line 3827.
.................................................
.................................................
. LaTeX info: "xparse/define-command"
. 
. Defining command \CJKspace with sig. '' on line 3829.
.................................................
.................................................
. LaTeX info: "xparse/define-command"
. 
. Defining command \CJKnospace with sig. '' on line 3830.
.................................................
.................................................
. LaTeX info: "xparse/define-command"
. 
. Defining command \xeCJKallowbreakbetweenpuncts with sig. '' on line 3832.
.................................................
.................................................
. LaTeX info: "xparse/define-command"
. 
. Defining command \xeCJKnobreakbetweenpuncts with sig. '' on line 3834.
.................................................
.................................................
. LaTeX info: "xparse/define-command"
. 
. Defining command \xeCJKenablefallback with sig. '' on line 3836.
.................................................
.................................................
. LaTeX info: "xparse/define-command"
. 
. Defining command \xeCJKdisablefallback with sig. '' on line 3838.
.................................................
.................................................
. LaTeX info: "xparse/define-command"
. 
. Defining command \xeCJKsetcharclass with sig. 'mmm' on line 3843.
.................................................
.................................................
. LaTeX info: "xparse/redefine-command"
. 
. Redefining command \nobreakspace with sig. '' on line 3989.
.................................................
.................................................
. LaTeX info: "xparse/redefine-command"
. 
. Redefining command \fontfamily with sig. 'm' on line 4035.
.................................................

(/usr/share/texlive/texmf-dist/tex/xelatex/xecjk/xeCJK.cfg
File: xeCJK.cfg 2017/01/02 v3.4.5 Configuration file for xeCJK package
))
(/usr/share/texlive/texmf-dist/tex/latex/amsmath/amsmath.sty
Package: amsmath 2016/11/05 v2.16a AMS math features
\@mathmargin=\skip68

For additional information on amsmath, use the `?' option.
(/usr/share/texlive/texmf-dist/tex/latex/amsmath/amstext.sty
Package: amstext 2000/06/29 v2.01 AMS text

(/usr/share/texlive/texmf-dist/tex/latex/amsmath/amsgen.sty
File: amsgen.sty 1999/11/30 v2.0 generic functions
\@emptytoks=\toks20
\ex@=\dimen174
))
(/usr/share/texlive/texmf-dist/tex/latex/amsmath/amsbsy.sty
Package: amsbsy 1999/11/29 v1.2d Bold Symbols
\pmbraise@=\dimen175
)
(/usr/share/texlive/texmf-dist/tex/latex/amsmath/amsopn.sty
Package: amsopn 2016/03/08 v2.02 operator names
)
\inf@bad=\count141
LaTeX Info: Redefining \frac on input line 213.
\uproot@=\count142
\leftroot@=\count143
LaTeX Info: Redefining \overline on input line 375.
\classnum@=\count144
\DOTSCASE@=\count145
LaTeX Info: Redefining \ldots on input line 472.
LaTeX Info: Redefining \dots on input line 475.
LaTeX Info: Redefining \cdots on input line 596.
\Mathstrutbox@=\box49
\strutbox@=\box50
\big@size=\dimen176
LaTeX Font Info:    Redeclaring font encoding OML on input line 712.
LaTeX Font Info:    Redeclaring font encoding OMS on input line 713.
\macc@depth=\count146
\c@MaxMatrixCols=\count147
\dotsspace@=\muskip17
\c@parentequation=\count148
\dspbrk@lvl=\count149
\tag@help=\toks21
\row@=\count150
\column@=\count151
\maxfields@=\count152
\andhelp@=\toks22
\eqnshift@=\dimen177
\alignsep@=\dimen178
\tagshift@=\dimen179
\tagwidth@=\dimen180
\totwidth@=\dimen181
\lineht@=\dimen182
\@envbody=\toks23
\multlinegap=\skip69
\multlinetaggap=\skip70
\mathdisplay@stack=\toks24
LaTeX Info: Redefining \[ on input line 2817.
LaTeX Info: Redefining \] on input line 2818.
)
(/usr/share/texlive/texmf-dist/tex/generic/ulem/ulem.sty
\UL@box=\box51
\UL@hyphenbox=\box52
\UL@skip=\skip71
\UL@hook=\toks25
\UL@height=\dimen183
\UL@pe=\count153
\UL@pixel=\dimen184
\ULC@box=\box53
Package: ulem 2012/05/18
\ULdepth=\dimen185
)
(/usr/share/texlive/texmf-dist/tex/latex/xcolor/xcolor.sty
Package: xcolor 2016/05/11 v2.12 LaTeX color extensions (UK)

(/usr/share/texlive/texmf-dist/tex/latex/graphics-cfg/color.cfg
File: color.cfg 2016/01/02 v1.6 sample color configuration
)
Package xcolor Info: Driver file: xetex.def on input line 225.
Package xcolor Info: Model `cmy' substituted by `cmy0' on input line 1348.
Package xcolor Info: Model `RGB' extended on input line 1364.
Package xcolor Info: Model `HTML' substituted by `rgb' on input line 1366.
Package xcolor Info: Model `Hsb' substituted by `hsb' on input line 1367.
Package xcolor Info: Model `tHsb' substituted by `hsb' on input line 1368.
Package xcolor Info: Model `HSB' substituted by `hsb' on input line 1369.
Package xcolor Info: Model `Gray' substituted by `gray' on input line 1370.
Package xcolor Info: Model `wave' substituted by `hsb' on input line 1371.
)
(/usr/share/texlive/texmf-dist/tex/latex/listings/listings.sty
\lst@mode=\count154
\lst@gtempboxa=\box54
\lst@token=\toks26
\lst@length=\count155
\lst@currlwidth=\dimen186
\lst@column=\count156
\lst@pos=\count157
\lst@lostspace=\dimen187
\lst@width=\dimen188
\lst@newlines=\count158
\lst@lineno=\count159
\lst@maxwidth=\dimen189

(/usr/share/texlive/texmf-dist/tex/latex/listings/lstmisc.sty
File: lstmisc.sty 2015/06/04 1.6 (Carsten Heinz)
\c@lstnumber=\count160
\lst@skipnumbers=\count161
\lst@framebox=\box55
)
(/usr/share/texlive/texmf-dist/tex/latex/listings/listings.cfg
File: listings.cfg 2015/06/04 1.6 listings configuration
))
Package: listings 2015/06/04 1.6 (Carsten Heinz)

*************************************************
* fontspec warning: "script-not-exist-latn"
* 
* Font '新細明體' does not contain script 'CJK'.
*  'Latin' script used instead.
*************************************************
\g__fontspec_family_新細明體_int=\count162
.................................................
. fontspec info: "no-font-shape"
. 
. Could not resolve font "新細明體/BI" (it probably doesn't exist).
.................................................
.................................................
. fontspec info: "no-font-shape"
. 
. Could not resolve font "新細明體/B" (it probably doesn't exist).
.................................................
.................................................
. fontspec info: "no-font-shape"
. 
. Could not resolve font "新細明體/I" (it probably doesn't exist).
.................................................
.................................................
. fontspec info: "defining-font"
. 
. Font family '新細明體(0)' created for font '新細明體' with options [Script={CJK}].
.  
.  This font family consists of the following NFSS series/shapes:
.  
. - 'normal' (m/n) with NFSS spec.: <->"新細明體/OT:script=latn;language=DFLT;"
. - 'small caps'  (m/sc) with NFSS spec.: 
.................................................
(/usr/share/texlive/texmf-dist/tex/xelatex/xecjk/xeCJKfntef.sty
Package: xeCJKfntef 2017/01/02 v3.4.5 xeCJK font effect

(/usr/share/texlive/texmf-dist/tex/latex/environ/environ.sty
Package: environ 2014/05/04 v0.3 A new way to define environments

(/usr/share/texlive/texmf-dist/tex/latex/trimspaces/trimspaces.sty
Package: trimspaces 2009/09/17 v1.1 Trim spaces around a token list
))
(/usr/share/texmf/tex/latex/CJK/CJKfntef.sty
Package: CJKfntef 2015/04/18 4.8.4
\CJK@fntefSkip=\skip72
\CJK@nest=\count163
\CJK@fntefDimen=\dimen190
\CJK@underdotBox=\box56
\CJK@ULbox=\box57
\CJK@underanyskip=\dimen191
)
\l__xeCJK_space_skip=\skip73
\c__xeCJK_ulem-begin_node_dim=\dimen192
\c__xeCJK_null_box=\box58
.................................................
. LaTeX info: "xparse/define-command"
. 
. Defining command \xeCJKfntefon with sig. 'st-so' on line 614.
.................................................
.................................................
. LaTeX info: "xparse/redefine-command"
. 
. Redefining command \CJKunderline with sig. 'st-so' on line 630.
.................................................
.................................................
. LaTeX info: "xparse/redefine-command"
. 
. Redefining command \varCJKunderline with sig. '' on line 632.
.................................................
.................................................
. LaTeX info: "xparse/redefine-command"
. 
. Redefining command \CJKunderwave with sig. 'st-so' on line 642.
.................................................
.................................................
. LaTeX info: "xparse/redefine-command"
. 
. Redefining command \CJKunderdblline with sig. 'st-so' on line 666.
.................................................
.................................................
. LaTeX info: "xparse/redefine-command"
. 
. Redefining command \CJKsout with sig. 'st-so' on line 685.
.................................................
.................................................
. LaTeX info: "xparse/redefine-command"
. 
. Redefining command \CJKxout with sig. 'st-so' on line 702.
.................................................
.................................................
. LaTeX info: "xparse/redefine-command"
. 
. Redefining command \CJKunderanyline with sig. 'st-somm' on line 723.
.................................................
\l__xeCJK_fntef_box=\box59
.................................................
. LaTeX info: "xparse/redefine-command"
. 
. Redefining command \CJKunderanysymbol with sig. 'ommm' on line 903.
.................................................
.................................................
. LaTeX info: "xparse/redefine-command"
. 
. Redefining command \CJKunderdot with sig. 'om' on line 912.
.................................................
\l__xeCJK_under_symbol_box=\box60
.................................................
. LaTeX info: "xparse/redefine-environment"
. 
. Redefining environment 'CJKfilltwosides' with sig. 'O{c}m' on line 1016.
.................................................
\c__xeCJK_filll_skip=\skip74
)
(/usr/share/texlive/texmf-dist/tex/xelatex/xecjk/xeCJK-listings.sty
Package: xeCJK-listings 2017/01/02 v3.4.5 xeCJK patch file for listings
\l__xeCJK_listings_max_char_int=\count164
\l__xeCJK_listings_flag_int=\count165
)
No file problem.aux.
\openout1 = `problem.aux'.

LaTeX Font Info:    Checking defaults for OML/cmm/m/it on input line 41.
LaTeX Font Info:    ... okay on input line 41.
LaTeX Font Info:    Checking defaults for T1/cmr/m/n on input line 41.
LaTeX Font Info:    ... okay on input line 41.
LaTeX Font Info:    Checking defaults for OT1/cmr/m/n on input line 41.
LaTeX Font Info:    ... okay on input line 41.
LaTeX Font Info:    Checking defaults for OMS/cmsy/m/n on input line 41.
LaTeX Font Info:    ... okay on input line 41.
LaTeX Font Info:    Checking defaults for TU/lmr/m/n on input line 41.
LaTeX Font Info:    ... okay on input line 41.
LaTeX Font Info:    Checking defaults for OMX/cmex/m/n on input line 41.
LaTeX Font Info:    ... okay on input line 41.
LaTeX Font Info:    Checking defaults for U/cmr/m/n on input line 41.
LaTeX Font Info:    ... okay on input line 41.
LaTeX Font Info:    Checking defaults for T3/cmr/m/n on input line 41.
LaTeX Font Info:    Try loading font information for T3+cmr on input line 41.
(/usr/share/texmf/tex/latex/tipa/t3cmr.fd
File: t3cmr.fd 2001/12/31 TIPA font definitions
)
LaTeX Font Info:    ... okay on input line 41.
Package caption Info: Begin \AtBeginDocument code.
Package caption Info: listings package is loaded.
Package caption Info: longtable package is loaded.

(/usr/share/texlive/texmf-dist/tex/latex/caption/ltcaption.sty
Package: ltcaption 2013/06/09 v1.4-94 longtable captions (AR)
)
Package caption Info: End \AtBeginDocument code.
.................................................
. fontspec info: "setup-math"
. 
. Adjusting the maths setup (use [no-math] to avoid this).
.................................................
\symlegacymaths=\mathgroup6
LaTeX Font Info:    Overwriting symbol font `legacymaths' in version `bold'
(Font)                  OT1/cmr/m/n --> OT1/cmr/bx/n on input line 41.
LaTeX Font Info:    Redeclaring math accent \acute on input line 41.
LaTeX Font Info:    Redeclaring math accent \grave on input line 41.
LaTeX Font Info:    Redeclaring math accent \ddot on input line 41.
LaTeX Font Info:    Redeclaring math accent \tilde on input line 41.
LaTeX Font Info:    Redeclaring math accent \bar on input line 41.
LaTeX Font Info:    Redeclaring math accent \breve on input line 41.
LaTeX Font Info:    Redeclaring math accent \check on input line 41.
LaTeX Font Info:    Redeclaring math accent \hat on input line 41.
LaTeX Font Info:    Redeclaring math accent \dot on input line 41.
LaTeX Font Info:    Redeclaring math accent \mathring on input line 41.
LaTeX Font Info:    Redeclaring math symbol \Gamma on input line 41.
LaTeX Font Info:    Redeclaring math symbol \Delta on input line 41.
LaTeX Font Info:    Redeclaring math symbol \Theta on input line 41.
LaTeX Font Info:    Redeclaring math symbol \Lambda on input line 41.
LaTeX Font Info:    Redeclaring math symbol \Xi on input line 41.
LaTeX Font Info:    Redeclaring math symbol \Pi on input line 41.
LaTeX Font Info:    Redeclaring math symbol \Sigma on input line 41.
LaTeX Font Info:    Redeclaring math symbol \Upsilon on input line 41.
LaTeX Font Info:    Redeclaring math symbol \Phi on input line 41.
LaTeX Font Info:    Redeclaring math symbol \Psi on input line 41.
LaTeX Font Info:    Redeclaring math symbol \Omega on input line 41.
LaTeX Font Info:    Redeclaring math symbol \mathdollar on input line 41.
LaTeX Font Info:    Redeclaring symbol font `operators' on input line 41.
LaTeX Font Info:    Encoding `OT1' has changed to `TU' for symbol font
(Font)              `operators' in the math version `normal' on input line 41.
LaTeX Font Info:    Overwriting symbol font `operators' in version `normal'
(Font)                  OT1/cmr/m/n --> TU/lmr/m/n on input line 41.
LaTeX Font Info:    Encoding `OT1' has changed to `TU' for symbol font
(Font)              `operators' in the math version `bold' on input line 41.
LaTeX Font Info:    Overwriting symbol font `operators' in version `bold'
(Font)                  OT1/cmr/bx/n --> TU/lmr/m/n on input line 41.
LaTeX Font Info:    Overwriting symbol font `operators' in version `normal'
(Font)                  TU/lmr/m/n --> TU/lmr/m/n on input line 41.
LaTeX Font Info:    Overwriting math alphabet `\mathit' in version `normal'
(Font)                  OT1/cmr/m/it --> TU/lmr/m/it on input line 41.
LaTeX Font Info:    Overwriting math alphabet `\mathbf' in version `normal'
(Font)                  OT1/cmr/bx/n --> TU/lmr/bx/n on input line 41.
LaTeX Font Info:    Overwriting math alphabet `\mathsf' in version `normal'
(Font)                  OT1/cmss/m/n --> TU/lmss/m/n on input line 41.
LaTeX Font Info:    Overwriting math alphabet `\mathtt' in version `normal'
(Font)                  OT1/cmtt/m/n --> TU/lmtt/m/n on input line 41.
LaTeX Font Info:    Overwriting symbol font `operators' in version `bold'
(Font)                  TU/lmr/m/n --> TU/lmr/bx/n on input line 41.
LaTeX Font Info:    Overwriting math alphabet `\mathit' in version `bold'
(Font)                  OT1/cmr/bx/it --> TU/lmr/bx/it on input line 41.
LaTeX Font Info:    Overwriting math alphabet `\mathsf' in version `bold'
(Font)                  OT1/cmss/bx/n --> TU/lmss/bx/n on input line 41.
LaTeX Font Info:    Overwriting math alphabet `\mathtt' in version `bold'
(Font)                  OT1/cmtt/m/n --> TU/lmtt/bx/n on input line 41.
\c@lstlisting=\count166


LaTeX Font Warning: Font shape `TU/新細明體(0)/bx/n' undefined
(Font)              using `TU/新細明體(0)/m/n' instead on input line 46.

LaTeX Font Info:    Try loading font information for U+msa on input line 52.
(/usr/share/texlive/texmf-dist/tex/latex/amsfonts/umsa.fd
File: umsa.fd 2013/01/14 v3.01 AMS symbols A
)
LaTeX Font Info:    Try loading font information for U+msb on input line 52.

(/usr/share/texlive/texmf-dist/tex/latex/amsfonts/umsb.fd
File: umsb.fd 2013/01/14 v3.01 AMS symbols B
)

Package Fancyhdr Warning: \headheight is too small (12.0pt): 
 Make it at least 13.59999pt.
 We now make it that large for the rest of the document.
 This may cause the page layout to be inconsistent, however.

[1

]
*************************************************
* xeCJK warning: "CJKfamily-Unknown"
* 
* Unknown CJK family `\CJKttdefault' is being ignored.
* 
* Try to use `\setCJKmonofont[...]{...}' to define it.
*************************************************

Underfull \hbox (badness 10000) in paragraph at lines 98--98

 []


Underfull \hbox (badness 10000) in paragraph at lines 108--108

 []


Overfull \hbox (24.0pt too wide) in alignment at lines 84--110
 [] [] 
 []


Underfull \vbox (badness 10000) detected at line 110
 []


Underfull \hbox (badness 10000) in paragraph at lines 131--131

 []


Underfull \hbox (badness 10000) in paragraph at lines 145--145

 []


Overfull \hbox (24.0pt too wide) in alignment at lines 113--147
 [] [] 
 []


Underfull \vbox (badness 10000) detected at line 147
 []

[2] (./problem.aux)

LaTeX Font Warning: Some font shapes were not available, defaults substituted.

 ) 
Here is how much of TeX's memory you used:
 21951 strings out of 494721
 449556 string characters out of 6173272
 450065 words of memory out of 5000000
 25622 multiletter control sequences out of 15000+600000
 8498 words of font info for 46 fonts, out of 8000000 for 9000
 264 hyphenation exceptions out of 8191
 42i,11n,67p,10504b,255s stack positions out of 5000i,500n,10000p,200000b,80000s

Output written on problem.pdf (2 pages).
